{ Using PSTWRITER 16.5.0 p001May-12-2016 at 11:11:28 }

#1 WARNING(ORCAP-36038): "No_connect" property on Pin "U32.3" ignored for U32: DEMO, P3: ExpoDemo (18.10, 6.80). Connecting pin to net "N14379799".
#2 WARNING(ORCAP-36038): "No_connect" property on Pin "U32.2" ignored for U32: DEMO, P3: ExpoDemo (18.10, 6.80). Connecting pin to net "N14379579".
#3 WARNING(ORCAP-36006): Part Name "J15_HDR_1X2_2P54MM_HDR_1X2_2P54MM" is renamed to "J15_HDR_1X2_2P54MM_HDR_1X2_2P54".
#4 WARNING(ORCAP-36006): Part Name "J19_1_HDR_1X2_2P54MM_HDR_1X2_2P54MM" is renamed to "J19_1_HDR_1X2_2P54MM_HDR_1X2_2P".
#5 WARNING(ORCAP-36006): Part Name "TP_TH_63MIL_RED_TP_TH_TP_TH_63MIL_RED" is renamed to "TP_TH_63MIL_RED_TP_TH_TP_TH_63M".
#6 WARNING(ORCAP-36006): Part Name "DUAL N-CH MOSFET 126_ROHM_EM6K1_SOT-416_EM6K1T2R" is renamed to "DUAL N-CH MOSFET 126_ROHM_EM6K1".
#7 WARNING(ORCAP-36006): Part Name "RESISTOR_R0402_56 " is renamed to "RESISTOR_R0402_56".
#8 WARNING(ORCAP-36006): Part Name "SW PUSHBUTTON_0_SW_PANASONIC_EVPBB_53H_EVP-BB2A1B000" is renamed to "SW PUSHBUTTON_0_SW_PANASONIC_EV".
#9 WARNING(ORCAP-36006): Part Name "T POINT R_2_TP_300X150_TP_300X150" is renamed to "T POINT R_2_TP_300X150_TP_300X1".
#10 WARNING(ORCAP-36006): Part Name "USBMICROB_0_FCI_10118194-0001LF_USBMICROB" is renamed to "USBMICROB_0_FCI_10118194-0001LF".
#11 WARNING(ORCAP-36006): Part Name "ANT2012LL13R2400A_YAGEO_ANT2012_ANT2012LL13R2400A" is renamed to "ANT2012LL13R2400A_YAGEO_ANT2012".
#12 WARNING(ORCAP-36006): Part Name "SMLVN6RGB_ROHM_SMLVN6RGB1W1_SMLVN6RGB" is renamed to "SMLVN6RGB_ROHM_SMLVN6RGB1W1_SML".
#13 WARNING(ORCAP-36006): Part Name "BD8306MUV_2_VQFN016V3030_BD8306MUV" is renamed to "BD8306MUV_2_VQFN016V3030_BD8306".
#14 WARNING(ORCAP-36006): Part Name "KX122_LGA12R50P_200X200X90_KX122" is renamed to "KX122_LGA12R50P_200X200X90_KX12".
#15 WARNING(ORCAP-36006): Part Name "SMLP34RGB2W_ROHM_SMLP34_SMLP34RGB2W" is renamed to "SMLP34RGB2W_ROHM_SMLP34_SMLP34R".
#16 WARNING(ORCAP-36006): Part Name "BD8306MUV_1_VQFN016V3030_BD8306MUV" is renamed to "BD8306MUV_1_VQFN016V3030_BD8306".
#17 WARNING(ORCAP-36006): Part Name "ML620Q530H-R_TQFP50P900X900X120-48_ML620Q504H" is renamed to "ML620Q530H-R_TQFP50P900X900X120".
#18 WARNING(ORCAP-36006): Part Name "KXG03_LGA16R50P_300X300X90_KXG03" is renamed to "KXG03_LGA16R50P_300X300X90_KXG0".
#19 WARNING(ORCAP-36006): Part Name "KX022_LGA12S50P_200X200X90_KX022" is renamed to "KX022_LGA12S50P_200X200X90_KX02".
#20 WARNING(ORCAP-36006): Part Name "OSC6/SM_1_EPSON_FC-135R_32.768KHZ" is renamed to "OSC6/SM_1_EPSON_FC-135R_32.768K".
Scanning netlist files ...

Loading... D:\DESIGN\ROHM\2016\06_SENSORS_EXPO\WORKING\20160512\SCHEMATIC_BOM\allegro/pstchip.dat

Loading... D:\DESIGN\ROHM\2016\06_SENSORS_EXPO\WORKING\20160512\SCHEMATIC_BOM\allegro/pstchip.dat

Loading... D:\DESIGN\ROHM\2016\06_SENSORS_EXPO\WORKING\20160512\SCHEMATIC_BOM\allegro/pstxprt.dat

Loading... D:\DESIGN\ROHM\2016\06_SENSORS_EXPO\WORKING\20160512\SCHEMATIC_BOM\allegro/pstxnet.dat
packaging the design view...